<html>
<head>
<title>TestNG:  D:/IdeaWorkspace/TestNGDemo/test/homework/ch11_13/AtomicComponentTest.java</title>
<link href="../testng.css" rel="stylesheet" type="text/css" />
<link href="../my-testng.css" rel="stylesheet" type="text/css" />

<style type="text/css">
.log { display: none;} 
.stack-trace { display: none;} 
</style>
<script type="text/javascript">
<!--
function flip(e) {
  current = e.style.display;
  if (current == 'block') {
    e.style.display = 'none';
    return 0;
  }
  else {
    e.style.display = 'block';
    return 1;
  }
}

function toggleBox(szDivId, elem, msg1, msg2)
{
  var res = -1;  if (document.getElementById) {
    res = flip(document.getElementById(szDivId));
  }
  else if (document.all) {
    // this is the way old msie versions work
    res = flip(document.all[szDivId]);
  }
  if(elem) {
    if(res == 0) elem.innerHTML = msg1; else elem.innerHTML = msg2;
  }

}

function toggleAllBoxes() {
  if (document.getElementsByTagName) {
    d = document.getElementsByTagName('div');
    for (i = 0; i < d.length; i++) {
      if (d[i].className == 'log') {
        flip(d[i]);
      }
    }
  }
}

// -->
</script>

</head>
<body>
<h2 align='center'>D:/IdeaWorkspace/TestNGDemo/test/homework/ch11_13/AtomicComponentTest.java</h2><table border='1' align="center">
<tr>
<td>Tests passed/Failed/Skipped:</td><td>11/0/0</td>
</tr><tr>
<td>Started on:</td><td>Mon Apr 05 12:04:59 CST 2021</td>
</tr>
<tr><td>Total time:</td><td>0 seconds (6 ms)</td>
</tr><tr>
<td>Included groups:</td><td></td>
</tr><tr>
<td>Excluded groups:</td><td></td>
</tr>
</table><p/>
<small><i>(Hover the method name to see the test class name)</i></small><p/>
<table width='100%' border='1' class='invocation-passed'>
<tr><td colspan='4' align='center'><b>PASSED TESTS</b></td></tr>
<tr><td><b>Test method</b></td>
<td width="30%"><b>Exception</b></td>
<td width="10%"><b>Time (seconds)</b></td>
<td><b>Instance</b></td>
</tr>
<tr>
<td title='homework.ch11_13.AtomicComponentTest.testAdd()'><b>testAdd</b><br>Test class: homework.ch11_13.AtomicComponentTest<br>Parameters: id: 1, name: key board, price: 5.0, id: 1, name: key board, price: 5.0</td>
<td><div><pre>java.lang.UnsupportedOperationException: Can&apos;t add component to atomic component 
	at homework.ch11_13.p4.AtomicComponent.add(AtomicComponent.java:25)
	at homework.ch11_13.AtomicComponentTest.testAdd(AtomicComponentTest.java:68)
	at java.base/jdk.internal.reflect.NativeMethodAccessorImpl.invoke0(Native Method)
	at java.base/jdk.internal.reflect.NativeMethodAccessorImpl.invoke(NativeMethodAccessorImpl.java:62)
	at java.base/jdk.internal.reflect.DelegatingMethodAccessorImpl.invoke(DelegatingMethodAccessorImpl.java:43)
	at java.base/java.lang.reflect.Method.invoke(Method.java:567)
	at org.testng.internal.MethodInvocationHelper.invokeMethod(MethodInvocationHelper.java:124)
	at org.testng.internal.Invoker.invokeMethod(Invoker.java:583)
	at org.testng.internal.Invoker.invokeTestMethod(Invoker.java:719)
	at org.testng.internal.Invoker.invokeTestMethods(Invoker.java:989)
	at org.testng.internal.TestMethodWorker.invokeTestMethods(TestMethodWorker.java:125)
	at org.testng.internal.TestMethodWorker.run(TestMethodWorker.java:109)
	at org.testng.TestRunner.privateRun(TestRunner.java:648)
	at org.testng.TestRunner.run(TestRunner.java:505)
	at org.testng.SuiteRunner.runTest(SuiteRunner.java:455)
	at org.testng.SuiteRunner.runSequentially(SuiteRunner.java:450)
	at org.testng.SuiteRunner.privateRun(SuiteRunner.java:415)
	at org.testng.SuiteRunner.run(SuiteRunner.java:364)
	at org.testng.SuiteRunnerWorker.runSuite(SuiteRunnerWorker.java:52)
	at org.testng.SuiteRunnerWorker.run(SuiteRunnerWorker.java:84)
	at org.testng.TestNG.runSuitesSequentially(TestNG.java:1208)
	at org.testng.TestNG.runSuitesSequentially(TestNG.java:1204)
	at org.testng.TestNG.runSuitesLocally(TestNG.java:1137)
	at org.testng.TestNG.runSuites(TestNG.java:1049)
	at org.testng.TestNG.run(TestNG.java:1017)
	at org.testng.TestNG.privateMain(TestNG.java:1354)
	at org.testng.TestNG.main(TestNG.java:1323)
</pre></div><a href='#' onClick='toggleBox("stack-trace2065857933", this, "Click to show all stack frames", "Click to hide stack frames")'>Click to show all stack frames</a>
<div class='stack-trace' id='stack-trace2065857933'><pre>java.lang.UnsupportedOperationException: Can&apos;t add component to atomic component 
	at homework.ch11_13.p4.AtomicComponent.add(AtomicComponent.java:25)
	at homework.ch11_13.AtomicComponentTest.testAdd(AtomicComponentTest.java:68)
	at java.base/jdk.internal.reflect.NativeMethodAccessorImpl.invoke0(Native Method)
	at java.base/jdk.internal.reflect.NativeMethodAccessorImpl.invoke(NativeMethodAccessorImpl.java:62)
	at java.base/jdk.internal.reflect.DelegatingMethodAccessorImpl.invoke(DelegatingMethodAccessorImpl.java:43)
	at java.base/java.lang.reflect.Method.invoke(Method.java:567)
	at org.testng.internal.MethodInvocationHelper.invokeMethod(MethodInvocationHelper.java:124)
	at org.testng.internal.Invoker.invokeMethod(Invoker.java:583)
	at org.testng.internal.Invoker.invokeTestMethod(Invoker.java:719)
	at org.testng.internal.Invoker.invokeTestMethods(Invoker.java:989)
	at org.testng.internal.TestMethodWorker.invokeTestMethods(TestMethodWorker.java:125)
	at org.testng.internal.TestMethodWorker.run(TestMethodWorker.java:109)
	at org.testng.TestRunner.privateRun(TestRunner.java:648)
	at org.testng.TestRunner.run(TestRunner.java:505)
	at org.testng.SuiteRunner.runTest(SuiteRunner.java:455)
	at org.testng.SuiteRunner.runSequentially(SuiteRunner.java:450)
	at org.testng.SuiteRunner.privateRun(SuiteRunner.java:415)
	at org.testng.SuiteRunner.run(SuiteRunner.java:364)
	at org.testng.SuiteRunnerWorker.runSuite(SuiteRunnerWorker.java:52)
	at org.testng.SuiteRunnerWorker.run(SuiteRunnerWorker.java:84)
	at org.testng.TestNG.runSuitesSequentially(TestNG.java:1208)
	at org.testng.TestNG.runSuitesSequentially(TestNG.java:1204)
	at org.testng.TestNG.runSuitesLocally(TestNG.java:1137)
	at org.testng.TestNG.runSuites(TestNG.java:1049)
	at org.testng.TestNG.run(TestNG.java:1017)
	at org.testng.TestNG.privateMain(TestNG.java:1354)
	at org.testng.TestNG.main(TestNG.java:1323)
</pre></div></td>
<td>0</td>
<td>homework.ch11_13.AtomicComponentTest@5c072e3f</td></tr>
<tr>
<td title='homework.ch11_13.AtomicComponentTest.testCalcPrice()'><b>testCalcPrice</b><br>Test class: homework.ch11_13.AtomicComponentTest<br>Parameters: id: 1, name: key board, price: 5.0, 5.0</td>
<td></td>
<td>0</td>
<td>homework.ch11_13.AtomicComponentTest@5c072e3f</td></tr>
<tr>
<td title='homework.ch11_13.AtomicComponentTest.testGetId()'><b>testGetId</b><br>Test class: homework.ch11_13.AtomicComponentTest<br>Parameters: id: 1, name: key board, price: 5.0, 1</td>
<td></td>
<td>0</td>
<td>homework.ch11_13.AtomicComponentTest@5c072e3f</td></tr>
<tr>
<td title='homework.ch11_13.AtomicComponentTest.testGetName()'><b>testGetName</b><br>Test class: homework.ch11_13.AtomicComponentTest<br>Parameters: id: 1, name: key board, price: 5.0, key board</td>
<td></td>
<td>0</td>
<td>homework.ch11_13.AtomicComponentTest@5c072e3f</td></tr>
<tr>
<td title='homework.ch11_13.AtomicComponentTest.testGetPrice()'><b>testGetPrice</b><br>Test class: homework.ch11_13.AtomicComponentTest<br>Parameters: id: 1, name: key board, price: 5.0, 5.0</td>
<td></td>
<td>0</td>
<td>homework.ch11_13.AtomicComponentTest@5c072e3f</td></tr>
<tr>
<td title='homework.ch11_13.AtomicComponentTest.testIterator()'><b>testIterator</b><br>Test class: homework.ch11_13.AtomicComponentTest<br>Parameters: id: 1, name: key board, price: 5.0, class homework.ch11_13.p4.NullIterator</td>
<td></td>
<td>0</td>
<td>homework.ch11_13.AtomicComponentTest@5c072e3f</td></tr>
<tr>
<td title='homework.ch11_13.AtomicComponentTest.testRemove()'><b>testRemove</b><br>Test class: homework.ch11_13.AtomicComponentTest<br>Parameters: id: 1, name: key board, price: 5.0, id: 1, name: key board, price: 5.0</td>
<td><div><pre>java.lang.UnsupportedOperationException: Can&apos;t remove component from atomic component 
	at homework.ch11_13.p4.AtomicComponent.remove(AtomicComponent.java:30)
	at homework.ch11_13.AtomicComponentTest.testRemove(AtomicComponentTest.java:76)
	at java.base/jdk.internal.reflect.NativeMethodAccessorImpl.invoke0(Native Method)
	at java.base/jdk.internal.reflect.NativeMethodAccessorImpl.invoke(NativeMethodAccessorImpl.java:62)
	at java.base/jdk.internal.reflect.DelegatingMethodAccessorImpl.invoke(DelegatingMethodAccessorImpl.java:43)
	at java.base/java.lang.reflect.Method.invoke(Method.java:567)
	at org.testng.internal.MethodInvocationHelper.invokeMethod(MethodInvocationHelper.java:124)
	at org.testng.internal.Invoker.invokeMethod(Invoker.java:583)
	at org.testng.internal.Invoker.invokeTestMethod(Invoker.java:719)
	at org.testng.internal.Invoker.invokeTestMethods(Invoker.java:989)
	at org.testng.internal.TestMethodWorker.invokeTestMethods(TestMethodWorker.java:125)
	at org.testng.internal.TestMethodWorker.run(TestMethodWorker.java:109)
	at org.testng.TestRunner.privateRun(TestRunner.java:648)
	at org.testng.TestRunner.run(TestRunner.java:505)
	at org.testng.SuiteRunner.runTest(SuiteRunner.java:455)
	at org.testng.SuiteRunner.runSequentially(SuiteRunner.java:450)
	at org.testng.SuiteRunner.privateRun(SuiteRunner.java:415)
	at org.testng.SuiteRunner.run(SuiteRunner.java:364)
	at org.testng.SuiteRunnerWorker.runSuite(SuiteRunnerWorker.java:52)
	at org.testng.SuiteRunnerWorker.run(SuiteRunnerWorker.java:84)
	at org.testng.TestNG.runSuitesSequentially(TestNG.java:1208)
	at org.testng.TestNG.runSuitesSequentially(TestNG.java:1204)
	at org.testng.TestNG.runSuitesLocally(TestNG.java:1137)
	at org.testng.TestNG.runSuites(TestNG.java:1049)
	at org.testng.TestNG.run(TestNG.java:1017)
	at org.testng.TestNG.privateMain(TestNG.java:1354)
	at org.testng.TestNG.main(TestNG.java:1323)
</pre></div><a href='#' onClick='toggleBox("stack-trace1914301543", this, "Click to show all stack frames", "Click to hide stack frames")'>Click to show all stack frames</a>
<div class='stack-trace' id='stack-trace1914301543'><pre>java.lang.UnsupportedOperationException: Can&apos;t remove component from atomic component 
	at homework.ch11_13.p4.AtomicComponent.remove(AtomicComponent.java:30)
	at homework.ch11_13.AtomicComponentTest.testRemove(AtomicComponentTest.java:76)
	at java.base/jdk.internal.reflect.NativeMethodAccessorImpl.invoke0(Native Method)
	at java.base/jdk.internal.reflect.NativeMethodAccessorImpl.invoke(NativeMethodAccessorImpl.java:62)
	at java.base/jdk.internal.reflect.DelegatingMethodAccessorImpl.invoke(DelegatingMethodAccessorImpl.java:43)
	at java.base/java.lang.reflect.Method.invoke(Method.java:567)
	at org.testng.internal.MethodInvocationHelper.invokeMethod(MethodInvocationHelper.java:124)
	at org.testng.internal.Invoker.invokeMethod(Invoker.java:583)
	at org.testng.internal.Invoker.invokeTestMethod(Invoker.java:719)
	at org.testng.internal.Invoker.invokeTestMethods(Invoker.java:989)
	at org.testng.internal.TestMethodWorker.invokeTestMethods(TestMethodWorker.java:125)
	at org.testng.internal.TestMethodWorker.run(TestMethodWorker.java:109)
	at org.testng.TestRunner.privateRun(TestRunner.java:648)
	at org.testng.TestRunner.run(TestRunner.java:505)
	at org.testng.SuiteRunner.runTest(SuiteRunner.java:455)
	at org.testng.SuiteRunner.runSequentially(SuiteRunner.java:450)
	at org.testng.SuiteRunner.privateRun(SuiteRunner.java:415)
	at org.testng.SuiteRunner.run(SuiteRunner.java:364)
	at org.testng.SuiteRunnerWorker.runSuite(SuiteRunnerWorker.java:52)
	at org.testng.SuiteRunnerWorker.run(SuiteRunnerWorker.java:84)
	at org.testng.TestNG.runSuitesSequentially(TestNG.java:1208)
	at org.testng.TestNG.runSuitesSequentially(TestNG.java:1204)
	at org.testng.TestNG.runSuitesLocally(TestNG.java:1137)
	at org.testng.TestNG.runSuites(TestNG.java:1049)
	at org.testng.TestNG.run(TestNG.java:1017)
	at org.testng.TestNG.privateMain(TestNG.java:1354)
	at org.testng.TestNG.main(TestNG.java:1323)
</pre></div></td>
<td>0</td>
<td>homework.ch11_13.AtomicComponentTest@5c072e3f</td></tr>
<tr>
<td title='homework.ch11_13.AtomicComponentTest.testSetId()'><b>testSetId</b><br>Test class: homework.ch11_13.AtomicComponentTest<br>Parameters: id: 10, name: null, price: 0.0, 10</td>
<td></td>
<td>0</td>
<td>homework.ch11_13.AtomicComponentTest@5c072e3f</td></tr>
<tr>
<td title='homework.ch11_13.AtomicComponentTest.testSetName()'><b>testSetName</b><br>Test class: homework.ch11_13.AtomicComponentTest<br>Parameters: id: 0, name: key board 1, price: 0.0, key board 1</td>
<td></td>
<td>0</td>
<td>homework.ch11_13.AtomicComponentTest@5c072e3f</td></tr>
<tr>
<td title='homework.ch11_13.AtomicComponentTest.testSetPrice()'><b>testSetPrice</b><br>Test class: homework.ch11_13.AtomicComponentTest<br>Parameters: id: 0, name: null, price: 10.0, 10.0</td>
<td></td>
<td>0</td>
<td>homework.ch11_13.AtomicComponentTest@5c072e3f</td></tr>
<tr>
<td title='homework.ch11_13.AtomicComponentTest.testTestToString()'><b>testTestToString</b><br>Test class: homework.ch11_13.AtomicComponentTest<br>Parameters: id: 1, name: key board, price: 5.0, [Ljava.lang.String;@61dd025</td>
<td></td>
<td>0</td>
<td>homework.ch11_13.AtomicComponentTest@5c072e3f</td></tr>
</table><p>
</body>
</html>